<?xml version="1.0" encoding="UTF-8" ?>
<testsuite failures="0" time="0.094" errors="0" skipped="0" tests="5" name="net.sf.downloadr.flickr.FlickrXmlParserTest">
  <properties>
    <property name="java.runtime.name" value="Java(TM) SE Runtime Environment"/>
    <property name="sun.boot.library.path" value="C:\Program Files\Java\jre1.6.0\bin"/>
    <property name="java.vm.version" value="1.6.0-b105"/>
    <property name="java.vm.vendor" value="Sun Microsystems Inc."/>
    <property name="java.vendor.url" value="http://java.sun.com/"/>
    <property name="path.separator" value=";"/>
    <property name="java.vm.name" value="Java HotSpot(TM) Client VM"/>
    <property name="file.encoding.pkg" value="sun.io"/>
    <property name="user.country" value="AU"/>
    <property name="sun.java.launcher" value="SUN_STANDARD"/>
    <property name="sun.os.patch.level" value="Service Pack 2"/>
    <property name="java.vm.specification.name" value="Java Virtual Machine Specification"/>
    <property name="user.dir" value="e:\srinir\projects\Workspace\downloadr"/>
    <property name="java.runtime.version" value="1.6.0-b105"/>
    <property name="java.awt.graphicsenv" value="sun.awt.Win32GraphicsEnvironment"/>
    <property name="basedir" value="e:\srinir\projects\Workspace\downloadr"/>
    <property name="java.endorsed.dirs" value="C:\Program Files\Java\jre1.6.0\lib\endorsed"/>
    <property name="os.arch" value="x86"/>
    <property name="java.io.tmpdir" value="c:\DOCUME~1\hoeusar\LOCALS~1\Temp\"/>
    <property name="line.separator" value="
"/>
    <property name="java.vm.specification.vendor" value="Sun Microsystems Inc."/>
    <property name="user.variant" value=""/>
    <property name="os.name" value="Windows XP"/>
    <property name="sun.jnu.encoding" value="Cp1252"/>
    <property name="java.library.path" value="c:\WINDOWS\system32;.;C:\WINDOWS\Sun\Java\bin;C:\WINDOWS\system32;C:\WINDOWS;e:\srinir\software\cygwin\usr\local\bin;e:\srinir\software\cygwin\bin;e:\srinir\software\cygwin\bin;e:\srinir\software\cygwin\usr\X11R6\bin;e:\srinir\software\ruby\bin;c:\WINDOWS\system32;c:\WINDOWS;c:\WINDOWS\System32\Wbem;c:\Program Files\CA\SharedComponents\ScanEngine;c:\Program Files\CA\eTrust Antivirus;c:\PROGRA~1\CA\SHARED~1\SCANEN~1;c:\PROGRA~1\CA\ETRUST~1;c:\Program Files\Notes\;c:\WINDOWSsystem32;%C;e:\srinir\software\cygwin\WINDOWS%;%C;e:\srinir\software\cygwin\WINDOWS%\System32\Wbem;c:\Program Files\AdminStudio\Common;c:\Program Files\SQLLIB\BIN;c:\Program Files\SQLLIB\FUNCTION;e:\ZurichTools\common\maven-2.0.4\bin;c:\Program Files\QuickTime\QTSystem\;e:\ZurichTools\common\apache-ant-1.6.5\bin;c:\Program Files\Compaq\Compaq Management Agents\Dmi\Win32\Bin;%C;e:\srinir\software\cygwin\WINDOWS%\system32;c:\PROGRA~1\INOCUL~1\SCANEN~1;c:\PROGRA~1\INOCUL~1\APPLIC~1;c:\Program Files\Rational\ClearCase\bin;c:\Program Files\Rational\common;e:\srinir\java\jadnt158;E;e:\srinir\software\scala-2.3.1\bin"/>
    <property name="http.proxyPort" value="8080"/>
    <property name="java.specification.name" value="Java Platform API Specification"/>
    <property name="java.class.version" value="50.0"/>
    <property name="sun.management.compiler" value="HotSpot Client Compiler"/>
    <property name="os.version" value="5.1"/>
    <property name="user.home" value="C:\Documents and Settings\hoeusar"/>
    <property name="user.timezone" value="Australia/Sydney"/>
    <property name="java.awt.printerjob" value="sun.awt.windows.WPrinterJob"/>
    <property name="file.encoding" value="Cp1252"/>
    <property name="java.specification.version" value="1.6"/>
    <property name="user.name" value="hoeusar"/>
    <property name="java.class.path" value="E:\projects\.m2\repository\org\apache\maven\surefire\surefire-api\2.0\surefire-api-2.0.jar;E:\projects\.m2\repository\org\codehaus\plexus\plexus-utils\1.1\plexus-utils-1.1.jar;E:\projects\.m2\repository\org\apache\maven\surefire\surefire-booter\2.0\surefire-booter-2.0.jar"/>
    <property name="java.vm.specification.version" value="1.0"/>
    <property name="sun.arch.data.model" value="32"/>
    <property name="java.home" value="C:\Program Files\Java\jre1.6.0"/>
    <property name="java.specification.vendor" value="Sun Microsystems Inc."/>
    <property name="user.language" value="en"/>
    <property name="awt.toolkit" value="sun.awt.windows.WToolkit"/>
    <property name="java.vm.info" value="mixed mode, sharing"/>
    <property name="java.version" value="1.6.0"/>
    <property name="java.ext.dirs" value="C:\Program Files\Java\jre1.6.0\lib\ext;C:\WINDOWS\Sun\Java\lib\ext"/>
    <property name="sun.boot.class.path" value="C:\Program Files\Java\jre1.6.0\lib\resources.jar;C:\Program Files\Java\jre1.6.0\lib\rt.jar;C:\Program Files\Java\jre1.6.0\lib\sunrsasign.jar;C:\Program Files\Java\jre1.6.0\lib\jsse.jar;C:\Program Files\Java\jre1.6.0\lib\jce.jar;C:\Program Files\Java\jre1.6.0\lib\charsets.jar;C:\Program Files\Java\jre1.6.0\classes"/>
    <property name="http.proxyHost" value="ms-proxy"/>
    <property name="java.vendor" value="Sun Microsystems Inc."/>
    <property name="localRepository" value="E:\projects\.m2\repository"/>
    <property name="file.separator" value="\"/>
    <property name="java.vendor.url.bug" value="http://java.sun.com/cgi-bin/bugreport.cgi"/>
    <property name="sun.cpu.endian" value="little"/>
    <property name="sun.io.unicode.encoding" value="UnicodeLittle"/>
    <property name="sun.desktop" value="windows"/>
    <property name="sun.cpu.isalist" value=""/>
  </properties>
  <testcase time="9.203" name="testGetPhotoSets"/>
  <testcase time="0.765" name="testGetPhotosInASet"/>
  <testcase time="0.828" name="testGetPhoto"/>
  <testcase time="0.266" name="testLookupUser"/>
  <testcase time="0.016" name="testConfig"/>
  <testcase time="0.016" name="testMd5"/>
  <testcase time="0.656" name="testDownloadUrl"/>
  <testcase time="0" name="testParsePhotosetResponse"/>
  <testcase time="0" name="testParsePhotoResponse"/>
  <testcase time="0" name="testParsePhotoSizeResponse"/>
  <testcase time="0.016" name="testParsePhotosResponse"/>
  <testcase time="0" name="testParseUserLookupResponse"/>
</testsuite>